0	1	hotdog-18.jpg
1	0	tree-19.jpg
2	2	tea-15.jpg
3	0	tree-0.jpg
4	2	tea-14.jpg
5	1	hotdog-4.jpg
6	2	tea-10.jpg
7	0	tree-8.jpg
8	0	tree-16.jpg
9	2	tea-12.jpg
10	1	hotdog-7.jpg
11	2	tea-3.jpg
12	0	tree-15.jpg
13	1	hotdog-19.jpg
14	1	hotdog-11.jpg
15	0	tree-5.jpg
16	1	hotdog-12.jpg
17	1	hotdog-16.jpg
18	2	tea-16.jpg
19	0	tree-9.jpg
20	0	tree-14.jpg
21	1	hotdog-15.jpg
22	1	hotdog-0.jpg
23	1	hotdog-17.jpg
24	2	tea-6.jpg
25	0	tree-6.jpg
26	2	tea-0.jpg
27	2	tea-1.jpg
28	1	hotdog-3.jpg
29	2	tea-17.jpg
30	1	hotdog-10.jpg
31	2	tea-7.jpg
32	0	tree-4.jpg
33	2	tea-8.jpg
34	0	tree-18.jpg
35	2	tea-18.jpg
36	0	tree-3.jpg
37	0	tree-11.jpg
38	0	tree-17.jpg
39	1	hotdog-13.jpg
40	1	hotdog-1.jpg
41	1	hotdog-2.jpg
42	1	hotdog-14.jpg
43	2	tea-19.jpg
44	1	hotdog-6.jpg
45	0	tree-1.jpg
46	2	tea-13.jpg
47	2	tea-9.jpg
48	0	tree-13.jpg
49	2	tea-5.jpg
50	1	hotdog-8.jpg
51	0	tree-10.jpg
52	1	hotdog-9.jpg
53	1	hotdog-5.jpg
54	0	tree-7.jpg
55	0	tree-12.jpg
56	2	tea-11.jpg
57	2	tea-2.jpg
58	2	tea-4.jpg
59	0	tree-2.jpg